<?xml version="1.0" encoding="UTF-8"?>
<!-- Generated by org.testng.reporters.JUnitReportReporter -->
<testsuite skipped="0" hostname="BDC11-L-7200HGD" name="qaclickacademy.SeleniumTest" tests="2" failures="0" timestamp="02 Jul 2019 07:44:23 GMT" time="0.017" errors="0">
  <testcase name="SeleniumLogin1" time="0.000" classname="qaclickacademy.SeleniumTest"/>
  <testcase name="SeleniumLogin" time="0.017" classname="qaclickacademy.SeleniumTest"/>
</testsuite> <!-- qaclickacademy.SeleniumTest -->
